C51 COMPILER V9.60.0.0   DAC_CONFIG                                                        04/06/2023 17:03:49 PAGE 1   


C51 COMPILER V9.60.0.0, COMPILATION OF MODULE DAC_CONFIG
OBJECT MODULE PLACED IN ..\DAC_config.obj
COMPILER INVOKED BY: D:\software\keil\C51\BIN\C51.EXE ..\sourse\DAC_config.c OPTIMIZE(8,SPEED) BROWSE INCDIR(..\sourse) 
                    -DEBUG OBJECTEXTEND PRINT(.\Listings\DAC_config.lst) TABS(2) OBJECT(..\DAC_config.obj)

line level    source

   1          #include "head.h"
   2          
   3          unsigned int adc_volt;
   4          
   5          //void DAC_output(unsigned char dat)
   6          //{
   7          //  I2CStart();
   8          //  
   9          //  I2CSendByte(0x90);
  10          //  I2CWaitAck();
  11          //  
  12          //  I2CSendByte(0x43);
  13          //  I2CWaitAck();
  14          //  
  15          //  I2CSendByte(dat);
  16          //  I2CWaitAck();
  17          //  
  18          //  I2CStop();
  19          //}
  20          
  21          
  22          
  23          unsigned char read_adc()
  24          {
  25   1        unsigned int dat;
  26   1        I2CStart();
  27   1        
  28   1        I2CSendByte(0x90);
  29   1        I2CWaitAck();
  30   1        I2CSendByte(0x41);
  31   1        I2CWaitAck();
  32   1        
  33   1        I2CStart();
  34   1        I2CSendByte(0x91);
  35   1        I2CWaitAck();
  36   1        dat = I2CReceiveByte();
  37   1        I2CWaitAck();
  38   1        
  39   1        I2CStop();
  40   1        
  41   1        return dat;
  42   1      }
  43          
  44          
  45          void adc_switch()
  46          {
  47   1        unsigned int dat;
  48   1        dat = read_adc();
  49   1        adc_volt = (dat * 500 / 255);
  50   1      }
  51          
  52          
  53          
  54          
C51 COMPILER V9.60.0.0   DAC_CONFIG                                                        04/06/2023 17:03:49 PAGE 2   

  55          


MODULE INFORMATION:   STATIC OVERLAYABLE
   CODE SIZE        =     70    ----
   CONSTANT SIZE    =   ----    ----
   XDATA SIZE       =   ----    ----
   PDATA SIZE       =   ----    ----
   DATA SIZE        =      2       2
   IDATA SIZE       =   ----    ----
   BIT SIZE         =   ----    ----
END OF MODULE INFORMATION.


C51 COMPILATION COMPLETE.  0 WARNING(S),  0 ERROR(S)
