C51 COMPILER V9.60.0.0   LED                                                               04/06/2023 17:04:07 PAGE 1   


C51 COMPILER V9.60.0.0, COMPILATION OF MODULE LED
OBJECT MODULE PLACED IN ..\led.obj
COMPILER INVOKED BY: D:\software\keil\C51\BIN\C51.EXE ..\sourse\led.c OPTIMIZE(8,SPEED) BROWSE INCDIR(..\sourse) DEBUG O
                    -BJECTEXTEND PRINT(.\Listings\led.lst) TABS(2) OBJECT(..\led.obj)

line level    source

   1          #include "head.h"
   2          
   3          
   4          unsigned P0_DAT = 0xff;
   5          
   6          void LED_config(unsigned char led_adr,unsigned char led_dat)
   7          {
*** WARNING C235 IN LINE 7 OF ..\sourse\led.c: parameter 2: different types
   8   1        
   9   1        if(led_dat == 0)
  10   1        {
  11   2          P0_DAT |= 0x01 <<(led_adr - 1);
  12   2        }
  13   1        else
  14   1        {
  15   2          P0_DAT &= ~(0x01 <<(led_adr - 1));
  16   2        }
  17   1        
  18   1        P0 = P0_DAT;
  19   1      }
  20          
  21          
  22          
  23          
  24          
  25          
  26          void LED_temp()
  27          {
  28   1        static unsigned char i = 0;
  29   1        static unsigned char i_flag = 0;
  30   1        
  31   1        HC138(4);
  32   1        if(temper > refer*10)
  33   1        {
  34   2        i ++;
  35   2        if(i == 100)
  36   2        {
  37   3          i = 0;
  38   3          i_flag = ~i_flag;
  39   3          if(i_flag)
  40   3          {
  41   4            LED_config(1,0);
  42   4          }
  43   3          else
  44   3          {
  45   4            LED_config(1,1);
  46   4          }
  47   3        }
  48   2      
  49   2        }
  50   1          else
  51   1          LED_config(1,0);
  52   1          
  53   1          HC138(0);//∑¿÷πledª“∞µ
C51 COMPILER V9.60.0.0   LED                                                               04/06/2023 17:04:07 PAGE 2   

  54   1      
  55   1      }
  56          
  57          
  58          
  59          
  60          
  61          
  62          
  63          
  64          
  65          
  66          
  67          


MODULE INFORMATION:   STATIC OVERLAYABLE
   CODE SIZE        =    122    ----
   CONSTANT SIZE    =   ----    ----
   XDATA SIZE       =   ----    ----
   PDATA SIZE       =   ----    ----
   DATA SIZE        =      4    ----
   IDATA SIZE       =   ----    ----
   BIT SIZE         =   ----    ----
END OF MODULE INFORMATION.


C51 COMPILATION COMPLETE.  1 WARNING(S),  0 ERROR(S)
