C51 COMPILER V9.60.0.0   MAIN                                                              04/06/2023 17:03:48 PAGE 1   


C51 COMPILER V9.60.0.0, COMPILATION OF MODULE MAIN
OBJECT MODULE PLACED IN ..\main.obj
COMPILER INVOKED BY: D:\software\keil\C51\BIN\C51.EXE ..\sourse\main.c OPTIMIZE(8,SPEED) BROWSE INCDIR(..\sourse) DEBUG 
                    -OBJECTEXTEND PRINT(.\Listings\main.lst) TABS(2) OBJECT(..\main.obj)

line level    source

   1          #include "head.h"
   2          
   3          
   4          
   5          
   6          void main()
   7          {
   8   1        Write_ds1302_config();
   9   1      //  EA = 1;
  10   1        Timer0Init();
  11   1      //  EA = 0;
  12   1      //  DAC_output(127);
  13   1        while(1)
  14   1        {
  15   2      //    ds18b20_config();
  16   2          Read_ds1302_config();
  17   2      //    refer_key();
  18   2      //    menu_key();
  19   2      //   adc_switch();
  20   2          
  21   2        }
  22   1      }


MODULE INFORMATION:   STATIC OVERLAYABLE
   CODE SIZE        =     11    ----
   CONSTANT SIZE    =   ----    ----
   XDATA SIZE       =   ----    ----
   PDATA SIZE       =   ----    ----
   DATA SIZE        =   ----    ----
   IDATA SIZE       =   ----    ----
   BIT SIZE         =   ----    ----
END OF MODULE INFORMATION.


C51 COMPILATION COMPLETE.  0 WARNING(S),  0 ERROR(S)
